<?xml version="1.0" encoding="UTF-8"?>
<testng-results skipped="0" failed="0" ignored="0" total="2" passed="2">
  <reporter-output>
  </reporter-output>
  <suite name="Suite" duration-ms="421" started-at="2022-03-07T00:34:49 IST" finished-at="2022-03-07T00:34:49 IST">
    <groups>
    </groups>
    <test name="Test" duration-ms="421" started-at="2022-03-07T00:34:49 IST" finished-at="2022-03-07T00:34:49 IST">
      <class name="com.mavenmarch.Demo11">
        <test-method status="PASS" signature="demo1()[pri:0, instance:com.mavenmarch.Demo11@25bbe1b6]" name="demo1" duration-ms="58" started-at="2022-03-07T00:34:49 IST" finished-at="2022-03-07T00:34:49 IST">
          <reporter-output>
          </reporter-output>
        </test-method> <!-- demo1 -->
      </class> <!-- com.mavenmarch.Demo11 -->
      <class name="com.mavenmarch.demo.Demo22">
        <test-method status="PASS" signature="demo2()[pri:0, instance:com.mavenmarch.demo.Demo22@20322d26]" name="demo2" duration-ms="1" started-at="2022-03-07T00:34:49 IST" finished-at="2022-03-07T00:34:49 IST">
          <reporter-output>
          </reporter-output>
        </test-method> <!-- demo2 -->
      </class> <!-- com.mavenmarch.demo.Demo22 -->
    </test> <!-- Test -->
  </suite> <!-- Suite -->
</testng-results>
